mode: count
github.com/edimarlnx/secure-templates/main.go:27.13,29.2 1 0
github.com/edimarlnx/secure-templates/main.go:31.60,33.16 2 11
github.com/edimarlnx/secure-templates/main.go:33.16,35.3 1 0
github.com/edimarlnx/secure-templates/main.go:36.2,45.20 10 11
github.com/edimarlnx/secure-templates/main.go:45.20,47.3 1 11
github.com/edimarlnx/secure-templates/main.go:48.2,48.23 1 11
github.com/edimarlnx/secure-templates/main.go:48.23,50.3 1 11
github.com/edimarlnx/secure-templates/main.go:51.2,101.42 5 11
github.com/edimarlnx/secure-templates/main.go:101.42,102.25 1 1
github.com/edimarlnx/secure-templates/main.go:102.25,104.6 1 0
github.com/edimarlnx/secure-templates/main.go:105.5,107.19 3 1
github.com/edimarlnx/secure-templates/main.go:107.19,109.6 1 0
github.com/edimarlnx/secure-templates/main.go:110.5,125.21 3 1
github.com/edimarlnx/secure-templates/main.go:125.21,127.20 2 1
github.com/edimarlnx/secure-templates/main.go:127.20,129.7 1 0
github.com/edimarlnx/secure-templates/main.go:130.6,130.20 1 1
github.com/edimarlnx/secure-templates/main.go:132.5,133.15 2 1
github.com/edimarlnx/secure-templates/main.go:149.44,150.39 1 4
github.com/edimarlnx/secure-templates/main.go:150.39,152.8 1 0
github.com/edimarlnx/secure-templates/main.go:153.7,159.21 7 4
github.com/edimarlnx/secure-templates/main.go:159.21,161.8 1 4
github.com/edimarlnx/secure-templates/main.go:162.7,162.17 1 4
github.com/edimarlnx/secure-templates/main.go:171.44,172.39 1 1
github.com/edimarlnx/secure-templates/main.go:172.39,174.8 1 0
github.com/edimarlnx/secure-templates/main.go:175.7,177.21 3 1
github.com/edimarlnx/secure-templates/main.go:177.21,179.8 1 0
github.com/edimarlnx/secure-templates/main.go:180.7,184.21 5 1
github.com/edimarlnx/secure-templates/main.go:184.21,186.8 1 1
github.com/edimarlnx/secure-templates/main.go:187.7,187.17 1 1
github.com/edimarlnx/secure-templates/main.go:193.2,203.42 2 11
github.com/edimarlnx/secure-templates/main.go:203.42,206.16 3 5
github.com/edimarlnx/secure-templates/main.go:206.16,211.4 2 1
github.com/edimarlnx/secure-templates/main.go:211.9,212.53 1 4
github.com/edimarlnx/secure-templates/main.go:212.53,214.5 1 0
github.com/edimarlnx/secure-templates/main.go:215.4,216.44 2 4
github.com/edimarlnx/secure-templates/main.go:218.3,220.17 3 5
github.com/edimarlnx/secure-templates/main.go:220.17,222.4 1 0
github.com/edimarlnx/secure-templates/main.go:223.3,224.36 2 5
github.com/edimarlnx/secure-templates/main.go:224.36,226.18 2 0
github.com/edimarlnx/secure-templates/main.go:226.18,228.5 1 0
github.com/edimarlnx/secure-templates/main.go:230.3,230.16 1 5
github.com/edimarlnx/secure-templates/main.go:230.16,232.18 2 1
github.com/edimarlnx/secure-templates/main.go:232.18,234.5 1 0
github.com/edimarlnx/secure-templates/main.go:235.4,236.18 2 1
github.com/edimarlnx/secure-templates/main.go:236.18,238.5 1 0
github.com/edimarlnx/secure-templates/main.go:239.4,240.18 2 1
github.com/edimarlnx/secure-templates/main.go:240.18,242.5 1 0
github.com/edimarlnx/secure-templates/main.go:243.4,243.37 1 1
github.com/edimarlnx/secure-templates/main.go:243.37,245.19 2 4
github.com/edimarlnx/secure-templates/main.go:245.19,247.6 1 0
github.com/edimarlnx/secure-templates/main.go:250.9,252.18 2 4
github.com/edimarlnx/secure-templates/main.go:252.18,254.5 1 0
github.com/edimarlnx/secure-templates/main.go:256.3,256.13 1 5
github.com/edimarlnx/secure-templates/main.go:258.2,259.19 2 11
github.com/edimarlnx/secure-templates/main.go:259.19,261.3 1 0
github.com/edimarlnx/secure-templates/main.go:262.2,262.41 1 11
github.com/edimarlnx/secure-templates/main.go:262.41,264.3 1 0
github.com/edimarlnx/secure-templates/pkg/config/config.go:51.60,53.16 2 1
github.com/edimarlnx/secure-templates/pkg/config/config.go:53.16,55.3 1 0
github.com/edimarlnx/secure-templates/pkg/config/config.go:56.2,57.12 2 1
github.com/edimarlnx/secure-templates/pkg/config/config.go:60.50,63.2 2 9
github.com/edimarlnx/secure-templates/pkg/config/config.go:65.42,70.2 4 9
github.com/edimarlnx/secure-templates/pkg/config/config.go:72.46,76.2 3 9
github.com/edimarlnx/secure-templates/pkg/config/config.go:78.52,79.46 1 63
github.com/edimarlnx/secure-templates/pkg/config/config.go:79.46,81.3 1 63
github.com/edimarlnx/secure-templates/pkg/config/config.go:82.2,82.26 1 0
github.com/edimarlnx/secure-templates/pkg/connectors/connector.go:16.71,18.35 2 9
github.com/edimarlnx/secure-templates/pkg/connectors/connector.go:19.32,20.32 1 0
github.com/edimarlnx/secure-templates/pkg/connectors/connector.go:21.36,22.36 1 9
github.com/edimarlnx/secure-templates/pkg/connectors/connector.go:23.36,24.36 1 0
github.com/edimarlnx/secure-templates/pkg/connectors/connector.go:25.10,27.13 2 0
github.com/edimarlnx/secure-templates/pkg/connectors/connector.go:29.2,30.16 2 9
github.com/edimarlnx/secure-templates/pkg/connectors/connector.go:30.16,32.3 1 0
github.com/edimarlnx/secure-templates/pkg/connectors/connector.go:33.2,33.18 1 9
github.com/edimarlnx/secure-templates/pkg/connectors/local-file.go:26.83,30.22 4 9
github.com/edimarlnx/secure-templates/pkg/connectors/local-file.go:30.22,33.17 3 9
github.com/edimarlnx/secure-templates/pkg/connectors/local-file.go:33.17,35.4 1 0
github.com/edimarlnx/secure-templates/pkg/connectors/local-file.go:36.3,37.35 2 9
github.com/edimarlnx/secure-templates/pkg/connectors/local-file.go:39.2,41.25 3 9
github.com/edimarlnx/secure-templates/pkg/connectors/local-file.go:44.69,46.19 2 17
github.com/edimarlnx/secure-templates/pkg/connectors/local-file.go:46.19,49.3 2 0
github.com/edimarlnx/secure-templates/pkg/connectors/local-file.go:50.2,50.19 1 17
github.com/edimarlnx/secure-templates/pkg/connectors/local-file.go:50.19,52.10 2 16
github.com/edimarlnx/secure-templates/pkg/connectors/local-file.go:52.10,53.34 1 0
github.com/edimarlnx/secure-templates/pkg/connectors/local-file.go:53.34,55.5 1 0
github.com/edimarlnx/secure-templates/pkg/connectors/local-file.go:56.4,57.38 2 0
github.com/edimarlnx/secure-templates/pkg/connectors/local-file.go:57.38,59.5 1 0
github.com/edimarlnx/secure-templates/pkg/connectors/local-file.go:60.4,60.16 1 0
github.com/edimarlnx/secure-templates/pkg/connectors/local-file.go:62.3,63.17 2 16
github.com/edimarlnx/secure-templates/pkg/connectors/local-file.go:63.17,65.4 1 0
github.com/edimarlnx/secure-templates/pkg/connectors/local-file.go:66.3,66.17 1 16
github.com/edimarlnx/secure-templates/pkg/connectors/local-file.go:68.2,69.28 2 1
github.com/edimarlnx/secure-templates/pkg/connectors/local-file.go:69.28,71.17 2 8
github.com/edimarlnx/secure-templates/pkg/connectors/local-file.go:71.17,73.4 1 0
github.com/edimarlnx/secure-templates/pkg/connectors/local-file.go:74.3,74.20 1 8
github.com/edimarlnx/secure-templates/pkg/connectors/local-file.go:76.2,76.13 1 1
github.com/edimarlnx/secure-templates/pkg/connectors/local-file.go:79.41,80.39 1 0
github.com/edimarlnx/secure-templates/pkg/connectors/local-file.go:80.39,82.3 1 0
github.com/edimarlnx/secure-templates/pkg/connectors/local-file.go:85.83,87.2 1 4
github.com/edimarlnx/secure-templates/pkg/connectors/local-file.go:89.93,91.19 2 5
github.com/edimarlnx/secure-templates/pkg/connectors/local-file.go:91.19,94.3 2 0
github.com/edimarlnx/secure-templates/pkg/connectors/local-file.go:95.2,95.35 1 5
github.com/edimarlnx/secure-templates/pkg/connectors/local-file.go:95.35,97.17 2 12
github.com/edimarlnx/secure-templates/pkg/connectors/local-file.go:97.17,99.4 1 0
github.com/edimarlnx/secure-templates/pkg/connectors/local-file.go:100.3,100.24 1 12
github.com/edimarlnx/secure-templates/pkg/connectors/local-file.go:102.2,102.23 1 5
github.com/edimarlnx/secure-templates/pkg/connectors/local-file.go:105.51,107.24 2 9
github.com/edimarlnx/secure-templates/pkg/connectors/local-file.go:107.24,110.3 2 0
github.com/edimarlnx/secure-templates/pkg/connectors/local-file.go:111.2,111.16 1 9
github.com/edimarlnx/secure-templates/pkg/connectors/local-file.go:111.16,113.3 1 0
github.com/edimarlnx/secure-templates/pkg/connectors/local-file.go:114.2,115.12 2 9
github.com/edimarlnx/secure-templates/pkg/connectors/local-file.go:118.49,120.16 2 5
github.com/edimarlnx/secure-templates/pkg/connectors/local-file.go:120.16,122.3 1 0
github.com/edimarlnx/secure-templates/pkg/connectors/local-file.go:123.2,124.12 2 5
github.com/edimarlnx/secure-templates/pkg/connectors/local-file.go:127.66,128.24 1 12
github.com/edimarlnx/secure-templates/pkg/connectors/local-file.go:128.24,130.3 1 0
github.com/edimarlnx/secure-templates/pkg/connectors/local-file.go:131.2,137.16 2 12
github.com/edimarlnx/secure-templates/pkg/connectors/local-file.go:137.16,139.3 1 0
github.com/edimarlnx/secure-templates/pkg/connectors/local-file.go:140.2,140.56 1 12
github.com/edimarlnx/secure-templates/pkg/connectors/local-file.go:143.66,144.25 1 24
github.com/edimarlnx/secure-templates/pkg/connectors/local-file.go:144.25,146.3 1 0
github.com/edimarlnx/secure-templates/pkg/connectors/local-file.go:147.2,148.16 2 24
github.com/edimarlnx/secure-templates/pkg/connectors/local-file.go:148.16,150.3 1 0
github.com/edimarlnx/secure-templates/pkg/connectors/local-file.go:151.2,157.16 2 24
github.com/edimarlnx/secure-templates/pkg/connectors/local-file.go:157.16,159.3 1 0
github.com/edimarlnx/secure-templates/pkg/connectors/local-file.go:160.2,160.29 1 24
github.com/edimarlnx/secure-templates/pkg/connectors/print-keys.go:14.72,16.2 1 0
github.com/edimarlnx/secure-templates/pkg/connectors/print-keys.go:18.69,20.22 2 4
github.com/edimarlnx/secure-templates/pkg/connectors/print-keys.go:20.22,22.3 1 4
github.com/edimarlnx/secure-templates/pkg/connectors/print-keys.go:23.2,23.12 1 4
github.com/edimarlnx/secure-templates/pkg/connectors/print-keys.go:26.42,28.2 0 0
github.com/edimarlnx/secure-templates/pkg/connectors/print-keys.go:30.61,32.2 1 0
github.com/edimarlnx/secure-templates/pkg/connectors/print-keys.go:34.77,36.2 1 0
github.com/edimarlnx/secure-templates/pkg/connectors/vault.go:25.79,29.16 4 0
github.com/edimarlnx/secure-templates/pkg/connectors/vault.go:29.16,32.3 2 0
github.com/edimarlnx/secure-templates/pkg/connectors/vault.go:33.2,34.36 2 0
github.com/edimarlnx/secure-templates/pkg/connectors/vault.go:34.36,37.3 2 0
github.com/edimarlnx/secure-templates/pkg/connectors/vault.go:38.2,41.24 4 0
github.com/edimarlnx/secure-templates/pkg/connectors/vault.go:41.24,43.3 1 0
github.com/edimarlnx/secure-templates/pkg/connectors/vault.go:44.2,48.12 5 0
github.com/edimarlnx/secure-templates/pkg/connectors/vault.go:51.65,53.21 2 0
github.com/edimarlnx/secure-templates/pkg/connectors/vault.go:53.21,55.17 2 0
github.com/edimarlnx/secure-templates/pkg/connectors/vault.go:55.17,57.4 1 0
github.com/edimarlnx/secure-templates/pkg/connectors/vault.go:57.9,59.4 1 0
github.com/edimarlnx/secure-templates/pkg/connectors/vault.go:60.3,61.17 2 0
github.com/edimarlnx/secure-templates/pkg/connectors/vault.go:61.17,64.4 2 0
github.com/edimarlnx/secure-templates/pkg/connectors/vault.go:65.3,66.19 2 0
github.com/edimarlnx/secure-templates/pkg/connectors/vault.go:68.2,68.19 1 0
github.com/edimarlnx/secure-templates/pkg/connectors/vault.go:68.19,70.10 2 0
github.com/edimarlnx/secure-templates/pkg/connectors/vault.go:70.10,71.34 1 0
github.com/edimarlnx/secure-templates/pkg/connectors/vault.go:71.34,73.5 1 0
github.com/edimarlnx/secure-templates/pkg/connectors/vault.go:74.4,75.38 2 0
github.com/edimarlnx/secure-templates/pkg/connectors/vault.go:75.38,77.5 1 0
github.com/edimarlnx/secure-templates/pkg/connectors/vault.go:79.3,79.15 1 0
github.com/edimarlnx/secure-templates/pkg/connectors/vault.go:81.2,82.35 2 0
github.com/edimarlnx/secure-templates/pkg/connectors/vault.go:82.35,84.3 1 0
github.com/edimarlnx/secure-templates/pkg/connectors/vault.go:85.2,85.13 1 0
github.com/edimarlnx/secure-templates/pkg/connectors/vault.go:88.79,90.2 1 0
github.com/edimarlnx/secure-templates/pkg/connectors/vault.go:92.89,94.16 2 0
github.com/edimarlnx/secure-templates/pkg/connectors/vault.go:94.16,96.3 1 0
github.com/edimarlnx/secure-templates/pkg/connectors/vault.go:96.8,98.3 1 0
github.com/edimarlnx/secure-templates/pkg/connectors/vault.go:99.2,100.35 2 0
github.com/edimarlnx/secure-templates/pkg/connectors/vault.go:100.35,102.3 1 0
github.com/edimarlnx/secure-templates/pkg/connectors/vault.go:103.2,104.16 2 0
github.com/edimarlnx/secure-templates/pkg/connectors/vault.go:104.16,107.3 2 0
github.com/edimarlnx/secure-templates/pkg/connectors/vault.go:108.2,108.19 1 0
github.com/edimarlnx/secure-templates/pkg/connectors/vault.go:108.19,110.3 1 0
github.com/edimarlnx/secure-templates/pkg/connectors/vault.go:110.8,112.3 1 0
github.com/edimarlnx/secure-templates/pkg/connectors/vault.go:113.2,113.16 1 0
github.com/edimarlnx/secure-templates/pkg/connectors/vault.go:113.16,116.3 2 0
github.com/edimarlnx/secure-templates/pkg/connectors/vault.go:117.2,117.12 1 0
github.com/edimarlnx/secure-templates/pkg/connectors/vault.go:120.38,122.2 0 0
github.com/edimarlnx/secure-templates/pkg/helpers/helpers.go:18.47,20.36 2 22
github.com/edimarlnx/secure-templates/pkg/helpers/helpers.go:20.36,22.3 1 4
github.com/edimarlnx/secure-templates/pkg/helpers/helpers.go:23.2,23.21 1 18
github.com/edimarlnx/secure-templates/pkg/helpers/helpers.go:26.63,28.16 2 9
github.com/edimarlnx/secure-templates/pkg/helpers/helpers.go:28.16,30.3 1 0
github.com/edimarlnx/secure-templates/pkg/helpers/helpers.go:31.2,33.16 3 9
github.com/edimarlnx/secure-templates/pkg/helpers/helpers.go:33.16,35.3 1 0
github.com/edimarlnx/secure-templates/pkg/helpers/helpers.go:36.2,37.12 2 9
github.com/edimarlnx/secure-templates/pkg/helpers/helpers.go:40.51,42.16 2 1
github.com/edimarlnx/secure-templates/pkg/helpers/helpers.go:42.16,44.3 1 0
github.com/edimarlnx/secure-templates/pkg/helpers/helpers.go:45.2,49.15 2 1
github.com/edimarlnx/secure-templates/pkg/helpers/helpers.go:49.15,51.17 2 1
github.com/edimarlnx/secure-templates/pkg/helpers/helpers.go:51.17,53.4 1 0
github.com/edimarlnx/secure-templates/pkg/helpers/helpers.go:54.3,54.14 1 1
github.com/edimarlnx/secure-templates/pkg/helpers/helpers.go:56.2,57.24 2 1
github.com/edimarlnx/secure-templates/pkg/helpers/helpers.go:60.87,62.16 2 9
github.com/edimarlnx/secure-templates/pkg/helpers/helpers.go:62.16,64.3 1 0
github.com/edimarlnx/secure-templates/pkg/helpers/helpers.go:65.2,66.18 2 9
github.com/edimarlnx/secure-templates/pkg/helpers/helpers.go:66.18,68.3 1 0
github.com/edimarlnx/secure-templates/pkg/helpers/helpers.go:69.2,70.50 2 9
github.com/edimarlnx/secure-templates/pkg/helpers/helpers.go:70.50,72.17 2 9
github.com/edimarlnx/secure-templates/pkg/helpers/helpers.go:72.17,74.4 1 0
github.com/edimarlnx/secure-templates/pkg/helpers/helpers.go:75.8,77.3 1 0
github.com/edimarlnx/secure-templates/pkg/helpers/helpers.go:78.2,79.16 2 9
github.com/edimarlnx/secure-templates/pkg/helpers/helpers.go:79.16,81.3 1 0
github.com/edimarlnx/secure-templates/pkg/helpers/helpers.go:83.2,83.21 1 9
github.com/edimarlnx/secure-templates/pkg/helpers/helpers.go:86.72,88.16 2 1
github.com/edimarlnx/secure-templates/pkg/helpers/helpers.go:88.16,90.3 1 0
github.com/edimarlnx/secure-templates/pkg/helpers/helpers.go:91.2,91.18 1 1
github.com/edimarlnx/secure-templates/pkg/render/funcs.go:16.78,17.34 1 5
github.com/edimarlnx/secure-templates/pkg/render/funcs.go:17.34,18.21 1 21
github.com/edimarlnx/secure-templates/pkg/render/funcs.go:18.21,20.4 1 1
github.com/edimarlnx/secure-templates/pkg/render/funcs.go:21.3,21.44 1 20
github.com/edimarlnx/secure-templates/pkg/render/funcs.go:25.88,26.52 1 5
github.com/edimarlnx/secure-templates/pkg/render/funcs.go:26.52,37.3 1 5
github.com/edimarlnx/secure-templates/pkg/render/funcs.go:38.2,38.45 1 5
github.com/edimarlnx/secure-templates/pkg/render/funcs.go:38.45,40.17 2 0
github.com/edimarlnx/secure-templates/pkg/render/funcs.go:40.17,42.4 1 0
github.com/edimarlnx/secure-templates/pkg/render/funcs.go:42.9,44.4 1 0
github.com/edimarlnx/secure-templates/pkg/render/funcs.go:47.2,47.37 1 5
github.com/edimarlnx/secure-templates/pkg/render/funcs.go:47.37,48.123 1 4
github.com/edimarlnx/secure-templates/pkg/render/funcs.go:48.123,51.4 2 0
github.com/edimarlnx/secure-templates/pkg/render/funcs.go:52.3,52.43 1 4
github.com/edimarlnx/secure-templates/pkg/render/funcs.go:52.43,54.4 1 0
github.com/edimarlnx/secure-templates/pkg/render/funcs.go:55.3,55.37 1 4
github.com/edimarlnx/secure-templates/pkg/render/template.go:13.110,15.36 2 5
github.com/edimarlnx/secure-templates/pkg/render/template.go:15.36,17.3 1 1050
github.com/edimarlnx/secure-templates/pkg/render/template.go:18.2,20.17 3 5
github.com/edimarlnx/secure-templates/pkg/render/template.go:23.134,27.16 2 5
github.com/edimarlnx/secure-templates/pkg/render/template.go:27.16,29.3 1 0
github.com/edimarlnx/secure-templates/pkg/render/template.go:30.2,30.37 1 5
github.com/edimarlnx/secure-templates/pkg/render/template.go:33.70,35.16 2 5
github.com/edimarlnx/secure-templates/pkg/render/template.go:35.16,37.3 1 0
github.com/edimarlnx/secure-templates/pkg/render/template.go:38.2,38.12 1 5
